GROUP,PACKAGE,CLASS,INSTRUCTION_MISSED,INSTRUCTION_COVERED,BRANCH_MISSED,BRANCH_COVERED,LINE_MISSED,LINE_COVERED,COMPLEXITY_MISSED,COMPLEXITY_COVERED,METHOD_MISSED,METHOD_COVERED
Test,Lesson5,TaskMap,0,850,0,108,0,144,0,69,0,15
Test,Lesson4,TaskList,0,1429,6,124,0,230,6,82,0,23
Test,Lesson6,Parse,0,815,0,64,0,138,0,44,0,12
Test,Lesson1,Task1,0,198,0,4,0,27,0,16,0,14
Test,Lesson3,Loop,0,592,1,101,0,155,1,70,0,20
Test,Lesson2,IfElse,0,517,4,110,0,80,4,63,0,10
Test,Lesson2,Logical,0,178,0,31,0,21,0,23,0,7
